D:\Work WS\Сев\Lubimovka\Любимовка НК.dwg,Лист1,16.03.2017 14:55:10,Intel,_AutoCAD PDF (General Documentation).pc3,ISO без полей A2 (420.00 x 594.00 мм),1:0.00354019,
D:\Work WS\Сев\Lubimovka\Любимовка НК.dwg,Лист2,16.03.2017 14:55:22,Intel,_AutoCAD PDF (General Documentation).pc3,ISO без полей A2 (420.00 x 594.00 мм),1:0.0035405,
D:\Work WS\Сев\Lubimovka\Любимовка НК.dwg,Лист3,16.03.2017 14:55:32,Intel,_AutoCAD PDF (General Documentation).pc3,ISO без полей A2 (420.00 x 594.00 мм),1:0.00409606,
D:\Work WS\Сев\Lubimovka\Любимовка НК.dwg,Лист4,16.03.2017 14:55:42,Intel,_AutoCAD PDF (General Documentation).pc3,ISO без полей A2 (420.00 x 594.00 мм),1:0.00409606,
D:\Work WS\Сев\Lubimovka\Любимовка НК.dwg,Обоснование,16.03.2017 14:55:52,Intel,_AutoCAD PDF (General Documentation).pc3,ISO без полей A3 (420.00 x 297.00 мм),1:4.1025e-005,
D:\Work WS\Сев\Lubimovka\Любимовка НК.dwg,Лист1,16.03.2017 15:04:34,Intel,_AutoCAD PDF (General Documentation).pc3,ISO без полей A2 (420.00 x 594.00 мм),1:0.00354019,
D:\Work WS\Сев\Lubimovka\Любимовка НК.dwg,Лист2,16.03.2017 15:04:46,Intel,_AutoCAD PDF (General Documentation).pc3,ISO без полей A2 (420.00 x 594.00 мм),1:0.0035405,
D:\Work WS\Сев\Lubimovka\Любимовка НК.dwg,Лист3,16.03.2017 15:04:56,Intel,_AutoCAD PDF (General Documentation).pc3,ISO без полей A2 (420.00 x 594.00 мм),1:0.00409606,
D:\Work WS\Сев\Lubimovka\Любимовка НК.dwg,Лист4,16.03.2017 15:05:07,Intel,_AutoCAD PDF (General Documentation).pc3,ISO без полей A2 (420.00 x 594.00 мм),1:0.00409606,
D:\Work WS\Сев\Lubimovka\Любимовка НК.dwg,Обоснование,16.03.2017 15:05:17,Intel,_AutoCAD PDF (General Documentation).pc3,ISO без полей A3 (420.00 x 297.00 мм),1:4.1025e-005,
D:\Work WS\Сев\Ternovka\Терновка_НК.dwg,Лист1,16.03.2017 15:06:12,Intel,_AutoCAD PDF (General Documentation).pc3,ISO без полей A2 (594.00 x 420.00 мм),1:0.108037,
D:\Work WS\Сев\Ternovka\Терновка_НК.dwg,Лист2,16.03.2017 15:06:14,Intel,_AutoCAD PDF (General Documentation).pc3,ISO без полей A2 (594.00 x 420.00 мм),1:0.108037,
D:\Work WS\Сев\Lubimovka\Любимовка НК.dwg,Лист1,16.03.2017 15:15:17,Intel,_AutoCAD PDF (General Documentation).pc3,ISO без полей A2 (420.00 x 594.00 мм),1:0.00354019,
D:\Work WS\Сев\Lubimovka\Любимовка НК.dwg,Лист2,16.03.2017 15:15:30,Intel,_AutoCAD PDF (General Documentation).pc3,ISO без полей A2 (420.00 x 594.00 мм),1:0.0035405,
D:\Work WS\Сев\Lubimovka\Любимовка НК.dwg,Лист3,16.03.2017 15:15:40,Intel,_AutoCAD PDF (General Documentation).pc3,ISO без полей A2 (420.00 x 594.00 мм),1:0.00409606,
D:\Work WS\Сев\Lubimovka\Любимовка НК.dwg,Лист4,16.03.2017 15:15:50,Intel,_AutoCAD PDF (General Documentation).pc3,ISO без полей A2 (420.00 x 594.00 мм),1:0.00409606,
D:\Work WS\Сев\Lubimovka\Любимовка НК.dwg,Обоснование,16.03.2017 15:16:00,Intel,_AutoCAD PDF (General Documentation).pc3,ISO без полей A3 (420.00 x 297.00 мм),1:4.1025e-005,
D:\Work WS\Сев\Lubimovka\Любимовка НК.dwg,Лист1,16.03.2017 16:52:19,Intel,_AutoCAD PDF (General Documentation).pc3,ISO без полей A2 (420.00 x 594.00 мм),1:0.00354019,
D:\Work WS\Сев\Lubimovka\Любимовка НК.dwg,Лист2,16.03.2017 16:52:31,Intel,_AutoCAD PDF (General Documentation).pc3,ISO без полей A2 (420.00 x 594.00 мм),1:0.0035405,
D:\Work WS\Сев\Lubimovka\Любимовка НК.dwg,Лист3,16.03.2017 16:52:41,Intel,_AutoCAD PDF (General Documentation).pc3,ISO без полей A2 (420.00 x 594.00 мм),1:0.00409606,
D:\Work WS\Сев\Lubimovka\Любимовка НК.dwg,Лист4,16.03.2017 16:52:51,Intel,_AutoCAD PDF (General Documentation).pc3,ISO без полей A2 (420.00 x 594.00 мм),1:0.00409606,
D:\Work WS\Сев\Lubimovka\Любимовка НК.dwg,Обоснование,16.03.2017 16:53:02,Intel,_AutoCAD PDF (General Documentation).pc3,ISO без полей A3 (420.00 x 297.00 мм),1:4.1025e-005,
D:\Work WS\Сев\Lubimovka\Любимовка НК.dwg,Лист1,13.04.2017 10:02:27,Intel,_AutoCAD PDF (General Documentation).pc3,ISO без полей A2 (420.00 x 594.00 мм),1:0.00354019,
D:\Work WS\Сев\Lubimovka\Любимовка НК.dwg,Лист2,13.04.2017 10:02:39,Intel,_AutoCAD PDF (General Documentation).pc3,ISO без полей A2 (420.00 x 594.00 мм),1:0.0035405,
D:\Work WS\Сев\Lubimovka\Любимовка НК.dwg,Лист3,13.04.2017 10:02:49,Intel,_AutoCAD PDF (General Documentation).pc3,ISO без полей A2 (420.00 x 594.00 мм),1:0.00409606,
D:\Work WS\Сев\Lubimovka\Любимовка НК.dwg,Лист4,13.04.2017 10:02:59,Intel,_AutoCAD PDF (General Documentation).pc3,ISO без полей A2 (420.00 x 594.00 мм),1:0.00409606,
D:\Work WS\Сев\Lubimovka\Любимовка НК.dwg,Модель,13.04.2017 10:09:06,Intel,_AutoCAD PDF (General Documentation).pc3,ISO без полей A0 (841.00 x 1189.00 мм),1:500.946,
D:\Work WS\Сев\Lubimovka\Любимовка НК.dwg,Лист1,13.04.2017 10:09:18,Intel,_AutoCAD PDF (General Documentation).pc3,ISO без полей A2 (420.00 x 594.00 мм),1:0.00354019,
D:\Work WS\Сев\Lubimovka\Любимовка НК.dwg,Лист2,13.04.2017 10:09:33,Intel,_AutoCAD PDF (General Documentation).pc3,ISO без полей A2 (420.00 x 594.00 мм),1:0.0035405,
D:\Work WS\Сев\Lubimovka\Любимовка НК.dwg,Лист3,13.04.2017 10:09:43,Intel,_AutoCAD PDF (General Documentation).pc3,ISO без полей A2 (420.00 x 594.00 мм),1:0.00409606,
D:\Work WS\Сев\Lubimovka\Любимовка НК.dwg,Лист4,13.04.2017 10:09:53,Intel,_AutoCAD PDF (General Documentation).pc3,ISO без полей A2 (420.00 x 594.00 мм),1:0.00409606,
D:\Work WS\Сев\Lubimovka\Любимовка НК.dwg,Лист1,13.04.2017 10:12:29,Intel,_AutoCAD PDF (General Documentation).pc3,ISO без полей A2 (420.00 x 594.00 мм),1:8.28306e-005,
D:\Work WS\Сев\Lubimovka\Любимовка НК.dwg,Лист2,13.04.2017 10:12:38,Intel,_AutoCAD PDF (General Documentation).pc3,ISO без полей A2 (420.00 x 594.00 мм),1:0.0035405,
D:\Work WS\Сев\Lubimovka\Любимовка НК.dwg,Лист3,13.04.2017 10:12:48,Intel,_AutoCAD PDF (General Documentation).pc3,ISO без полей A2 (420.00 x 594.00 мм),1:0.00409606,
D:\Work WS\Сев\Lubimovka\Любимовка НК.dwg,Лист4,13.04.2017 10:12:58,Intel,_AutoCAD PDF (General Documentation).pc3,ISO без полей A2 (420.00 x 594.00 мм),1:0.00409606,
D:\Work WS\Проекты\Веселовка\Посадка ТОПАЭРО.dwg,Титульный лист №1,13.04.2017 11:58:18,Intel,_AutoCAD PDF (General Documentation).pc3,ISO без полей A4 (210.00 x 297.00 мм),1:1.00762,
D:\Work WS\Проекты\Веселовка\Посадка ТОПАЭРО.dwg,Титульный лист №2,13.04.2017 11:58:21,Intel,_AutoCAD PDF (General Documentation).pc3,ISO без полей A4 (210.00 x 297.00 мм),1:1.00762,
D:\Work WS\Проекты\Веселовка\Посадка ТОПАЭРО.dwg,л_1,13.04.2017 11:58:26,Intel,_AutoCAD PDF (General Documentation).pc3,ISO без полей A3 (420.00 x 297.00 мм),1:1.00537,
D:\Work WS\Проекты\Веселовка\Посадка ТОПАЭРО.dwg,л_2,13.04.2017 11:58:32,Intel,_AutoCAD PDF (General Documentation).pc3,ISO без полей A3 (420.00 x 297.00 мм),1:1.00537,
D:\Work WS\Проекты\Веселовка\Посадка ТОПАЭРО.dwg,л_3,13.04.2017 11:58:36,Intel,_AutoCAD PDF (General Documentation).pc3,ISO без полей A3 (420.00 x 297.00 мм),1:1.00537,
D:\Work WS\Проекты\Веселовка\Посадка ТОПАЭРО.dwg,л_4,13.04.2017 11:58:41,Intel,_AutoCAD PDF (General Documentation).pc3,Прежний размер листа (630.00 x 297.00 мм),1:1,
D:\Work WS\Проекты\Веселовка\Посадка ТОПАЭРО.dwg,л_5,13.04.2017 11:58:46,Intel,_AutoCAD PDF (General Documentation).pc3,ISO без полей A3 (420.00 x 297.00 мм),1:1.00537,
D:\Work WS\Проекты\Веселовка\Посадка ТОПАЭРО.dwg,спец л1,13.04.2017 11:58:51,Intel,_AutoCAD PDF (General Documentation).pc3,ISO без полей A3 (420.00 x 297.00 мм),1:1.00537,
D:\Work WS\Проекты\Веселовка\Посадка ТОПАЭРО.dwg,спец л2,13.04.2017 11:58:56,Intel,_AutoCAD PDF (General Documentation).pc3,ISO без полей A3 (420.00 x 297.00 мм),1:1.00537,
D:\Work WS\Проекты\Веселовка\Посадка ТОПАЭРО.dwg,Прил л1,13.04.2017 11:59:01,Intel,_AutoCAD PDF (General Documentation).pc3,ISO без полей A3 (420.00 x 297.00 мм),1:0.00073148,
D:\Work WS\Проекты\Веселовка\Посадка ТОПАЭРО.dwg,Прил л2,13.04.2017 11:59:06,Intel,_AutoCAD PDF (General Documentation).pc3,ISO без полей A3 (420.00 x 297.00 мм),1:0.000754067,
D:\Work WS\Проекты\ДУЗ Трудовое\Трудовое — НВК_к работе.dwg,П_В1_л2,13.04.2017 14:58:50,Intel,_AutoCAD PDF (General Documentation).pc3,ISO без полей A3 (420.00 x 297.00 мм),1:6.15914e-005,
D:\Work WS\Проекты\ДУЗ Трудовое\Трудовое — НВК_к работе.dwg,П_К1_л2,13.04.2017 14:58:55,Intel,_AutoCAD PDF (General Documentation).pc3,ISO без полей A2 (594.00 x 420.00 мм),1:0.000117127,
D:\Work WS\Проекты\ДУЗ Трудовое\Трудовое — НВК_к работе.dwg,П_В1_л2,13.04.2017 15:03:29,Intel,_AutoCAD PDF (General Documentation).pc3,ISO без полей A3 (420.00 x 297.00 мм),1:6.15914e-005,
D:\Work WS\Проекты\ДУЗ Трудовое\Трудовое — НВК_к работе.dwg,П_К1_л2,13.04.2017 15:03:34,Intel,_AutoCAD PDF (General Documentation).pc3,ISO без полей A2 (594.00 x 420.00 мм),1:0.000117127,
D:\Work WS\Сев\Ternovka\Терновка_НК.dwg,Лист6,19.04.2017 17:27:42,Intel,_AutoCAD PDF (General Documentation).pc3,ISO без полей A3 (420.00 x 297.00 мм),1:0.00934201,
D:\Work WS\Сев\Ternovka\Терновка_НК.dwg,Лист7,19.04.2017 17:27:45,Intel,_AutoCAD PDF (General Documentation).pc3,ISO без полей A3 (420.00 x 297.00 мм),1:0.00934201,
D:\Work WS\Сев\Ternovka\Терновка_НК.dwg,Лист8,19.04.2017 17:27:50,Intel,_AutoCAD PDF (General Documentation).pc3,ISO без полей A3 (420.00 x 297.00 мм),1:0.00934201,
D:\Work WS\Сев\Lubimovka\Любимовка НК.dwg,Лист1,19.04.2017 18:35:55,Intel,_AutoCAD PDF (General Documentation).pc3,ISO без полей A2 (420.00 x 594.00 мм),1:2.01904e-005,
D:\Work WS\Сев\Lubimovka\Любимовка НК.dwg,Лист2,19.04.2017 18:36:07,Intel,_AutoCAD PDF (General Documentation).pc3,ISO без полей A2 (420.00 x 594.00 мм),1:0.0035405,
D:\Work WS\Сев\Lubimovka\Любимовка НК.dwg,Лист3,19.04.2017 18:36:22,Intel,_AutoCAD PDF (General Documentation).pc3,Прежний размер листа (2100.00 x 297.00 мм),1:0.000818872,
D:\Work WS\Сев\Lubimovka\Любимовка НК.dwg,Лист7,19.04.2017 18:38:36,Intel,_AutoCAD PDF (General Documentation).pc3,ISO без полей A3 (420.00 x 297.00 мм),1:0.000820501,
D:\Work WS\Сев\Lubimovka\Любимовка НК.dwg,Лист8,19.04.2017 18:38:47,Intel,_AutoCAD PDF (General Documentation).pc3,ISO без полей A3 (420.00 x 297.00 мм),1:0.000820501,
D:\Work WS\Сев\Lubimovka\Любимовка НК.dwg,Лист9,19.04.2017 18:38:57,Intel,_AutoCAD PDF (General Documentation).pc3,ISO без полей A3 (420.00 x 297.00 мм),1:0.000820501,
D:\Work WS\Сев\Lubimovka\Любимовка НК.dwg,Лист10,19.04.2017 18:39:12,Intel,_AutoCAD PDF (General Documentation).pc3,ISO без полей A3 (420.00 x 297.00 мм),1:0.000820501,
D:\Work WS\Сев\Lubimovka\Любимовка НК.dwg,Лист7,20.04.2017 18:57:06,Intel,_AutoCAD PDF (General Documentation).pc3,ISO без полей A3 (420.00 x 297.00 мм),1:0.000820501,
D:\Work WS\Сев\Lubimovka\Любимовка НК.dwg,Лист8,20.04.2017 18:57:16,Intel,_AutoCAD PDF (General Documentation).pc3,ISO без полей A3 (420.00 x 297.00 мм),1:0.000820501,
D:\Work WS\Сев\Lubimovka\Любимовка НК.dwg,Лист9,20.04.2017 18:57:27,Intel,_AutoCAD PDF (General Documentation).pc3,ISO без полей A3 (420.00 x 297.00 мм),1:0.000820501,
D:\Work WS\Сев\Lubimovka\Любимовка НК.dwg,Лист10,20.04.2017 18:57:37,Intel,_AutoCAD PDF (General Documentation).pc3,ISO без полей A3 (420.00 x 297.00 мм),1:0.000820501,
D:\Work WS\Сев\Ternovka\Терновка_НК.dwg,Лист6,20.04.2017 19:01:31,Intel,_AutoCAD PDF (General Documentation).pc3,ISO без полей A3 (420.00 x 297.00 мм),1:0.00934201,
D:\Work WS\Сев\Ternovka\Терновка_НК.dwg,Лист7,20.04.2017 19:01:32,Intel,_AutoCAD PDF (General Documentation).pc3,ISO без полей A3 (420.00 x 297.00 мм),1:0.00934201,
D:\Work WS\Сев\Ternovka\Терновка_НК.dwg,Лист8,20.04.2017 19:01:37,Intel,_AutoCAD PDF (General Documentation).pc3,ISO без полей A3 (420.00 x 297.00 мм),1:0.00934201,
D:\Work WS\Сев\Ternovka\Терновка_НК.dwg,Лист6,21.04.2017 14:39:25,Intel,_AutoCAD PDF (General Documentation).pc3,ISO без полей A3 (420.00 x 297.00 мм),1:0.00934201,
D:\Work WS\Сев\Ternovka\Терновка_НК.dwg,Лист7,21.04.2017 14:39:27,Intel,_AutoCAD PDF (General Documentation).pc3,ISO без полей A3 (420.00 x 297.00 мм),1:0.00934201,
D:\Work WS\Сев\Ternovka\Терновка_НК.dwg,Лист8,21.04.2017 14:39:32,Intel,_AutoCAD PDF (General Documentation).pc3,ISO без полей A3 (420.00 x 297.00 мм),1:0.00934201,
D:\Work WS\Сев\Ternovka\Терновка_НК.dwg,Лист9,21.04.2017 14:39:37,Intel,_AutoCAD PDF (General Documentation).pc3,ISO без полей A3 (420.00 x 297.00 мм),1:0.010118,
D:\Work WS\Сев\Lubimovka\Любимовка НК.dwg,Лист7,21.04.2017 14:44:23,Intel,_AutoCAD PDF (General Documentation).pc3,ISO без полей A3 (420.00 x 297.00 мм),1:0.000820501,
D:\Work WS\Сев\Lubimovka\Любимовка НК.dwg,Лист8,21.04.2017 14:44:34,Intel,_AutoCAD PDF (General Documentation).pc3,ISO без полей A3 (420.00 x 297.00 мм),1:0.000820501,
D:\Work WS\Сев\Lubimovka\Любимовка НК.dwg,Лист9,21.04.2017 14:44:49,Intel,_AutoCAD PDF (General Documentation).pc3,ISO без полей A3 (420.00 x 297.00 мм),1:0.000820501,
D:\Work WS\Сев\Lubimovka\Любимовка НК.dwg,Лист10,21.04.2017 14:44:59,Intel,_AutoCAD PDF (General Documentation).pc3,ISO без полей A3 (420.00 x 297.00 мм),1:0.000820501,
D:\Work WS\Сев\Lubimovka\Любимовка НК.dwg,Лист1,24.04.2017 19:29:01,Intel,_AutoCAD PDF (General Documentation).pc3,ISO без полей A2 (594.00 x 420.00 мм),1:3.04123e-006,
D:\Work WS\Сев\Lubimovka\Любимовка НК.dwg,Лист2,24.04.2017 19:29:18,Intel,_AutoCAD PDF (General Documentation).pc3,ISO без полей A2 (420.00 x 594.00 мм),1:0.0035405,
D:\Work WS\Сев\Lubimovka\Любимовка НК.dwg,Лист3,24.04.2017 19:29:34,Intel,_AutoCAD PDF (General Documentation).pc3,Прежний размер листа (2310.00 x 297.00 мм),1:0.000818872,
D:\Work WS\Сев\Lubimovka\Любимовка НК.dwg,Лист1,25.04.2017 19:04:38,Intel,_AutoCAD PDF (General Documentation).pc3,ISO без полей A2 (594.00 x 420.00 мм),1:3.04123e-006,
D:\Work WS\Сев\Lubimovka\Любимовка НК.dwg,Лист2,25.04.2017 19:04:53,Intel,_AutoCAD PDF (General Documentation).pc3,ISO без полей A2 (420.00 x 594.00 мм),1:0.0035405,
D:\Work WS\Сев\Lubimovka\Любимовка НК.dwg,Лист3,25.04.2017 19:05:08,Intel,_AutoCAD PDF (General Documentation).pc3,Прежний размер листа (2310.00 x 297.00 мм),1:0.000818872,
D:\Work WS\Сев\Lubimovka\Любимовка НК.dwg,Спец_л1,25.04.2017 19:10:38,Intel,_AutoCAD PDF (General Documentation).pc3,ISO без полей A3 (420.00 x 297.00 мм),1:0.000820501,
D:\Work WS\Сев\Lubimovka\Любимовка НК.dwg,Спец_л2,25.04.2017 19:10:49,Intel,_AutoCAD PDF (General Documentation).pc3,ISO без полей A3 (420.00 x 297.00 мм),1:0.000820501,
D:\Work WS\Сев\Lubimovka\Любимовка НК.dwg,Спец_л3,25.04.2017 19:11:05,Intel,_AutoCAD PDF (General Documentation).pc3,ISO без полей A3 (420.00 x 297.00 мм),1:0.000820501,
D:\Work WS\Сев\Lubimovka\Любимовка НК.dwg,Спец_л4,25.04.2017 19:11:20,Intel,_AutoCAD PDF (General Documentation).pc3,ISO без полей A3 (420.00 x 297.00 мм),1:0.000820501,
D:\Work WS\Сев\Lubimovka\Любимовка НК.dwg,Спец_л5,25.04.2017 19:11:35,Intel,_AutoCAD PDF (General Documentation).pc3,ISO без полей A3 (420.00 x 297.00 мм),1:0.000820501,
D:\Work WS\Сев\Lubimovka\Любимовка НК.dwg,Спец_л6,25.04.2017 19:11:50,Intel,_AutoCAD PDF (General Documentation).pc3,ISO без полей A3 (420.00 x 297.00 мм),1:0.000820501,
D:\Work WS\Сев\Lubimovka\Любимовка НК.dwg,ПОД_л1,25.04.2017 19:16:11,Intel,_AutoCAD PDF (General Documentation).pc3,ISO без полей A2 (420.00 x 594.00 мм),1:0.00409606,
D:\Work WS\Сев\Lubimovka\Любимовка НК.dwg,ПОД_л2,25.04.2017 19:16:21,Intel,_AutoCAD PDF (General Documentation).pc3,ISO без полей A2 (420.00 x 594.00 мм),1:0.00409606,
D:\Work WS\Сев\Lubimovka\Любимовка НК.dwg,ПОД_л3,25.04.2017 19:16:36,Intel,_AutoCAD PDF (General Documentation).pc3,ISO без полей A3 (420.00 x 297.00 мм),1:0.000820501,
D:\Work WS\Сев\Lubimovka\Любимовка НК.dwg,Спец_л1,28.04.2017 10:03:24,Intel,_AutoCAD PDF (General Documentation).pc3,ISO без полей A3 (420.00 x 297.00 мм),1:0.000820501,
D:\Work WS\Сев\Lubimovka\Любимовка НК.dwg,Спец_л2,28.04.2017 10:03:35,Intel,_AutoCAD PDF (General Documentation).pc3,ISO без полей A3 (420.00 x 297.00 мм),1:0.000820501,
D:\Work WS\Сев\Lubimovka\Любимовка НК.dwg,Спец_л3,28.04.2017 10:03:51,Intel,_AutoCAD PDF (General Documentation).pc3,ISO без полей A3 (420.00 x 297.00 мм),1:0.000820501,
D:\Work WS\Сев\Lubimovka\Любимовка НК.dwg,Спец_л4,28.04.2017 10:04:05,Intel,_AutoCAD PDF (General Documentation).pc3,ISO без полей A3 (420.00 x 297.00 мм),1:0.000820501,
D:\Work WS\Сев\Lubimovka\Любимовка НК.dwg,Спец_л5,28.04.2017 10:04:20,Intel,_AutoCAD PDF (General Documentation).pc3,ISO без полей A3 (420.00 x 297.00 мм),1:0.000820501,
D:\Work WS\Сев\Lubimovka\Любимовка НК.dwg,Спец_л6,28.04.2017 10:04:35,Intel,_AutoCAD PDF (General Documentation).pc3,ISO без полей A3 (420.00 x 297.00 мм),1:0.000820501,
D:\Work WS\Сев\Lubimovka\Любимовка НК.dwg,Спец_л1,28.04.2017 11:41:52,Intel,_AutoCAD PDF (General Documentation).pc3,ISO без полей A3 (420.00 x 297.00 мм),1:0.000820501,
D:\Work WS\Сев\Lubimovka\Любимовка НК.dwg,Спец_л2,28.04.2017 11:42:03,Intel,_AutoCAD PDF (General Documentation).pc3,ISO без полей A3 (420.00 x 297.00 мм),1:0.000820501,
D:\Work WS\Сев\Lubimovka\Любимовка НК.dwg,Спец_л3,28.04.2017 11:42:18,Intel,_AutoCAD PDF (General Documentation).pc3,ISO без полей A3 (420.00 x 297.00 мм),1:0.000820501,
D:\Work WS\Сев\Lubimovka\Любимовка НК.dwg,Спец_л4,28.04.2017 11:42:33,Intel,_AutoCAD PDF (General Documentation).pc3,ISO без полей A3 (420.00 x 297.00 мм),1:0.000820501,
D:\Work WS\Сев\Lubimovka\Любимовка НК.dwg,Спец_л5,28.04.2017 11:42:48,Intel,_AutoCAD PDF (General Documentation).pc3,ISO без полей A3 (420.00 x 297.00 мм),1:0.000820501,
D:\Work WS\Сев\Lubimovka\Любимовка НК.dwg,Спец_л6,28.04.2017 11:43:03,Intel,_AutoCAD PDF (General Documentation).pc3,ISO без полей A3 (420.00 x 297.00 мм),1:0.000820501,
D:\Work WS\Сев\Lubimovka\Любимовка НК.dwg,Спец_л1,28.04.2017 17:36:24,Intel,_AutoCAD PDF (General Documentation).pc3,ISO без полей A3 (420.00 x 297.00 мм),1:0.000820501,
D:\Work WS\Сев\Lubimovka\Любимовка НК.dwg,Спец_л2,28.04.2017 17:36:39,Intel,_AutoCAD PDF (General Documentation).pc3,ISO без полей A3 (420.00 x 297.00 мм),1:0.000820501,
D:\Work WS\Сев\Lubimovka\Любимовка НК.dwg,Спец_л3,28.04.2017 17:36:54,Intel,_AutoCAD PDF (General Documentation).pc3,ISO без полей A3 (420.00 x 297.00 мм),1:0.000820501,
D:\Work WS\Сев\Lubimovka\Любимовка НК.dwg,Спец_л4,28.04.2017 17:37:09,Intel,_AutoCAD PDF (General Documentation).pc3,ISO без полей A3 (420.00 x 297.00 мм),1:0.000820501,
D:\Work WS\Сев\Lubimovka\Любимовка НК.dwg,Спец_л5,28.04.2017 17:37:24,Intel,_AutoCAD PDF (General Documentation).pc3,ISO без полей A3 (420.00 x 297.00 мм),1:0.000820501,
D:\Work WS\Сев\Lubimovka\Любимовка НК.dwg,Спец_л6,28.04.2017 17:37:39,Intel,_AutoCAD PDF (General Documentation).pc3,ISO без полей A3 (420.00 x 297.00 мм),1:0.000820501,
D:\Work WS\Сев\Lubimovka\Любимовка НК.dwg,Лист1,21.09.2017 11:33:44,Intel,_AutoCAD PDF (General Documentation).pc3,ISO без полей A2 (594.00 x 420.00 мм),1:1.89706e-006,
D:\Work WS\Сев\Lubimovka\Любимовка НК.dwg,Лист2,21.09.2017 11:33:59,Intel,_AutoCAD PDF (General Documentation).pc3,ISO без полей A2 (420.00 x 594.00 мм),1:0.0035405,
D:\Work WS\Сев\Lubimovka\Любимовка НК.dwg,Лист3,21.09.2017 11:34:16,Intel,_AutoCAD PDF (General Documentation).pc3,Прежний размер листа (2310.00 x 297.00 мм),1:0.000818872,
D:\Work WS\Сев\Lubimovka\Любимовка НК.dwg,Лист5,21.09.2017 11:41:38,Intel,_AutoCAD PDF (General Documentation).pc3,ISO без полей A2 (594.00 x 420.00 мм),1:0.000819211,
D:\Work WS\Сев\Lubimovka\Любимовка НК.dwg,Спец_л6,21.09.2017 11:41:53,Intel,_AutoCAD PDF (General Documentation).pc3,ISO без полей A3 (420.00 x 297.00 мм),1:0.000820501,
D:\Работа\Севастополь\Lubimovka\Любимовка НК.dwg,Лист1,17.10.2017 10:39:16,Set,_AutoCAD PDF (General Documentation).pc3,ISO без полей A2 (594.00 x 420.00 мм),1:1.89706e-006,
D:\Работа\Севастополь\Lubimovka\Любимовка НК.dwg,Лист2,17.10.2017 10:39:35,Set,_AutoCAD PDF (General Documentation).pc3,ISO без полей A2 (420.00 x 594.00 мм),1:0.0035405,
D:\Работа\Севастополь\Lubimovka\Любимовка НК.dwg,Лист3,17.10.2017 10:39:54,Set,_AutoCAD PDF (General Documentation).pc3,Прежний размер листа (2310.00 x 297.00 мм),1:0.000818872,
D:\Работа\Севастополь\Lubimovka\Любимовка НК.dwg,Лист5,17.10.2017 11:33:25,Set,_DWG To PDF.pc3,ISO без полей A2 (594.00 x 420.00 мм),1:0.000819211,
D:\Работа\Севастополь\Lubimovka\Любимовка НК.dwg,Лист6,17.10.2017 11:33:44,Set,_DWG To PDF.pc3,ISO без полей A2 (594.00 x 420.00 мм),1:0.000819211,
D:\Работа\Севастополь\Lubimovka\Любимовка НК.dwg,Лист7,17.10.2017 11:34:20,Set,_DWG To PDF.pc3,ISO без полей A2 (594.00 x 420.00 мм),1:0.000819211,
D:\Работа\Севастополь\Lubimovka\Любимовка НК.dwg,Лист8,17.10.2017 11:34:40,Set,_DWG To PDF.pc3,ISO без полей A2 (594.00 x 420.00 мм),1:0.000819211,
D:\Работа\Севастополь\Lubimovka\Любимовка НК.dwg,Лист9,17.10.2017 11:35:00,Set,_DWG To PDF.pc3,ISO без полей A2 (594.00 x 420.00 мм),1:0.000819211,
D:\Работа\Севастополь\Lubimovka\Любимовка НК.dwg,Лист10,17.10.2017 11:35:20,Set,_DWG To PDF.pc3,ISO без полей A2 (594.00 x 420.00 мм),1:0.000819211,
D:\Работа\Севастополь\Lubimovka\Любимовка НК.dwg,Лист11,17.10.2017 11:35:40,Set,_DWG To PDF.pc3,ISO без полей A2 (594.00 x 420.00 мм),1:0.000819211,
D:\Работа\Севастополь\Lubimovka\Любимовка НК.dwg,Лист12,17.10.2017 11:36:00,Set,_DWG To PDF.pc3,ISO без полей A2 (594.00 x 420.00 мм),1:0.000819211,
D:\Работа\Севастополь\Lubimovka\Любимовка НК.dwg,Спец_л1,17.10.2017 11:36:20,Set,_DWG To PDF.pc3,ISO без полей A3 (420.00 x 297.00 мм),1:0.000820501,
D:\Работа\Севастополь\Lubimovka\Любимовка НК.dwg,Спец_л2,17.10.2017 11:36:40,Set,_DWG To PDF.pc3,ISO без полей A3 (420.00 x 297.00 мм),1:0.000820501,
D:\Работа\Севастополь\Lubimovka\Любимовка НК.dwg,Спец_л3,17.10.2017 11:37:04,Set,_DWG To PDF.pc3,ISO без полей A3 (420.00 x 297.00 мм),1:0.000820501,
D:\Работа\Севастополь\Lubimovka\Любимовка НК.dwg,Спец_л4,17.10.2017 11:37:26,Set,_DWG To PDF.pc3,ISO без полей A3 (420.00 x 297.00 мм),1:0.000820501,
D:\Работа\Севастополь\Lubimovka\Любимовка НК.dwg,Спец_л5,17.10.2017 11:37:46,Set,_DWG To PDF.pc3,ISO без полей A3 (420.00 x 297.00 мм),1:0.000820501,
D:\Работа\Севастополь\Lubimovka\Любимовка НК.dwg,Спец_л6,17.10.2017 11:38:08,Set,_DWG To PDF.pc3,ISO без полей A3 (420.00 x 297.00 мм),1:0.000820501,
