D:\Work WS\Сев\Lubimovka\Любимовка НК.dwg,Лист1,19.04.2017 18:41:14,Intel,DWG To PDF.pc3,ISO без полей A2 (420.00 x 594.00 мм),1:7.86289e-006,
D:\Work WS\Сев\Lubimovka\Любимовка НК.dwg,Лист2,19.04.2017 18:41:37,Intel,DWG To PDF.pc3,ISO без полей A2 (420.00 x 594.00 мм),1:0.0035405,
D:\Work WS\Сев\Lubimovka\Любимовка НК.dwg,Лист3,19.04.2017 18:43:05,Intel,DWG To PDF.pc3,Пользовательский А4х10 (2100.00 x 297.00 мм),1:0.000818872,
D:\Work WS\Сев\Lubimovka\Любимовка НК.dwg,Лист4,19.04.2017 18:43:36,Intel,DWG To PDF.pc3,Пользовательский А4х4 (840.00 x 297.00 мм),1:0.000818872,
D:\Work WS\Сев\Lubimovka\Любимовка НК.dwg,Лист1,19.04.2017 18:45:24,Intel,DWG To PDF.pc3,ISO без полей A2 (420.00 x 594.00 мм),1:7.86289e-006,
D:\Work WS\Сев\Lubimovka\Любимовка НК.dwg,Лист2,19.04.2017 18:45:46,Intel,DWG To PDF.pc3,ISO без полей A2 (420.00 x 594.00 мм),1:0.0035405,
D:\Work WS\Сев\Lubimovka\Любимовка НК.dwg,Лист3,19.04.2017 18:46:08,Intel,DWG To PDF.pc3,Пользовательский А4х10 (2100.00 x 297.00 мм),1:0.000818872,
D:\Work WS\Сев\Lubimovka\Любимовка НК.dwg,Лист4,19.04.2017 18:46:32,Intel,DWG To PDF.pc3,Пользовательский А4х4 (840.00 x 297.00 мм),1:0.000818872,
D:\Work WS\Сев\Lubimovka\Любимовка НК.dwg,Лист5,19.04.2017 18:46:57,Intel,DWG To PDF.pc3,ISO без полей A2 (594.00 x 420.00 мм),1:0.000819211,
D:\Work WS\Сев\Lubimovka\Любимовка НК.dwg,Лист5,19.04.2017 18:47:51,Intel,DWG To PDF.pc3,ISO без полей A2 (594.00 x 420.00 мм),1:0.000819211,
D:\Work WS\Сев\Lubimovka\Любимовка НК.dwg,Лист6,19.04.2017 18:48:48,Intel,DWG To PDF.pc3,ISO без полей A2 (594.00 x 420.00 мм),1:0.000819211,
D:\Work WS\Сев\Lubimovka\Любимовка НК.dwg,Лист6,19.04.2017 18:49:29,Intel,DWG To PDF.pc3,ISO без полей A2 (594.00 x 420.00 мм),1:0.000819211,
D:\Work WS\Сев\Lubimovka\Любимовка НК.dwg,Лист2,25.04.2017 19:06:24,Intel,DWG To PDF.pc3,ISO без полей A2 (420.00 x 594.00 мм),1:0.0035405,
D:\Work WS\Сев\Lubimovka\Любимовка НК.dwg,Лист3,25.04.2017 19:06:52,Intel,DWG To PDF.pc3,A4x11 (2310.00 x 297.00 мм),1:0.000818872,
D:\Work WS\Сев\Lubimovka\Любимовка НК.dwg,Лист4,25.04.2017 19:07:20,Intel,DWG To PDF.pc3,Пользовательский А4х4 (840.00 x 297.00 мм),1:0.000818872,
D:\Work WS\Сев\Lubimovka\Любимовка НК.dwg,Лист3,25.04.2017 19:07:59,Intel,DWG To PDF.pc3,A4x11 (2310.00 x 297.00 мм),1:0.000818872,
D:\Work WS\Сев\Lubimovka\Любимовка НК.dwg,Лист5,25.04.2017 19:08:29,Intel,DWG To PDF.pc3,ISO без полей A2 (594.00 x 420.00 мм),1:0.000819211,
D:\Work WS\Сев\Lubimovka\Любимовка НК.dwg,Лист6,25.04.2017 19:08:50,Intel,DWG To PDF.pc3,ISO без полей A2 (594.00 x 420.00 мм),1:0.000819211,
D:\Work WS\Сев\Lubimovka\Любимовка НК.dwg,Лист7,25.04.2017 19:09:25,Intel,DWG To PDF.pc3,ISO без полей A2 (594.00 x 420.00 мм),1:0.000819211,
D:\Work WS\Сев\Lubimovka\Любимовка НК.dwg,Лист3,25.04.2017 19:15:00,Intel,DWG To PDF.pc3,A4x11 (2310.00 x 297.00 мм),1:0.000818872,
D:\Work WS\Сев\Lubimovka\Любимовка НК.dwg,Лист2,26.04.2017 16:54:24,Intel,DWG To PDF.pc3,ISO без полей A2 (420.00 x 594.00 мм),1:0.0035405,
D:\Work WS\Сев\Lubimovka\Любимовка НК.dwg,Лист3,26.04.2017 16:54:53,Intel,DWG To PDF.pc3,A4x11 (2310.00 x 297.00 мм),1:0.000818872,
D:\Work WS\Сев\Lubimovka\Любимовка НК.dwg,Лист4,26.04.2017 16:55:34,Intel,DWG To PDF.pc3,Пользовательский А4х4 (840.00 x 297.00 мм),1:0.000818872,
D:\Work WS\Сев\Lubimovka\Любимовка НК.dwg,Лист5,26.04.2017 16:56:03,Intel,DWG To PDF.pc3,ISO без полей A2 (594.00 x 420.00 мм),1:0.000819211,
D:\Work WS\Сев\Lubimovka\Любимовка НК.dwg,Лист6,26.04.2017 16:56:37,Intel,DWG To PDF.pc3,ISO без полей A2 (594.00 x 420.00 мм),1:0.000819211,
D:\Work WS\Сев\Lubimovka\Любимовка НК.dwg,Лист6,26.04.2017 16:58:11,Intel,DWG To PDF.pc3,ISO без полей A2 (594.00 x 420.00 мм),1:0.000819211,
D:\Work WS\Сев\Lubimovka\Любимовка НК.dwg,Лист7,26.04.2017 16:58:48,Intel,DWG To PDF.pc3,ISO без полей A2 (594.00 x 420.00 мм),1:0.000819211,
D:\Work WS\Сев\Ternovka\Терновка_НК.dwg,Лист1,26.04.2017 17:07:15,Intel,DWG To PDF.pc3,ISO без полей A2 (594.00 x 420.00 мм),1:0.108037,
D:\Work WS\Сев\Lubimovka\Любимовка НК.dwg,Лист3,28.04.2017 10:01:26,Intel,DWG To PDF.pc3,A4x11 (2310.00 x 297.00 мм),1:0.000818872,
D:\Work WS\Сев\Lubimovka\Любимовка НК.dwg,Обоснование,28.04.2017 10:07:06,Intel,DWG To PDF.pc3,ISO без полей A3 (420.00 x 297.00 мм),1:4.1025e-005,
D:\Work WS\Сев\Lubimovka\Любимовка НК.dwg,Лист1,28.04.2017 10:54:17,Intel,DWG To PDF.pc3,ISO без полей A2 (594.00 x 420.00 мм),1:1.89706e-006,
D:\Work WS\Сев\Lubimovka\Любимовка НК.dwg,Лист2,28.04.2017 10:54:43,Intel,DWG To PDF.pc3,ISO без полей A2 (420.00 x 594.00 мм),1:0.0035405,
D:\Work WS\Сев\Lubimovka\Любимовка НК.dwg,Лист3,28.04.2017 11:33:32,Intel,DWG To PDF.pc3,A4x11 (2310.00 x 297.00 мм),1:0.000818872,
D:\Work WS\Сев\Lubimovka\Любимовка НК.dwg,Лист2,28.04.2017 11:33:52,Intel,DWG To PDF.pc3,ISO без полей A2 (420.00 x 594.00 мм),1:0.0035405,
D:\Work WS\Сев\Lubimovka\Любимовка НК.dwg,Лист1,28.04.2017 11:34:24,Intel,DWG To PDF.pc3,ISO без полей A2 (594.00 x 420.00 мм),1:1.89706e-006,
D:\Work WS\Сев\Lubimovka\Любимовка НК.dwg,Лист4,28.04.2017 11:39:09,Intel,DWG To PDF.pc3,Пользовательский А4х4 (840.00 x 297.00 мм),1:0.000818872,
D:\Work WS\Сев\Lubimovka\Любимовка НК.dwg,Лист5,28.04.2017 11:40:40,Intel,DWG To PDF.pc3,ISO без полей A2 (594.00 x 420.00 мм),1:0.000819211,
D:\Work WS\Сев\Lubimovka\Любимовка НК.dwg,Лист1,28.04.2017 17:33:15,Intel,DWG To PDF.pc3,ISO без полей A2 (594.00 x 420.00 мм),1:1.89706e-006,
D:\Work WS\Сев\Lubimovka\Любимовка НК.dwg,Лист2,28.04.2017 17:33:37,Intel,DWG To PDF.pc3,ISO без полей A2 (420.00 x 594.00 мм),1:0.0035405,
D:\Work WS\Сев\Lubimovka\Любимовка НК.dwg,Лист3,28.04.2017 17:33:59,Intel,DWG To PDF.pc3,A4x11 (2310.00 x 297.00 мм),1:0.000818872,
D:\Work WS\Сев\Lubimovka\Любимовка НК.dwg,Лист4,28.04.2017 17:34:20,Intel,DWG To PDF.pc3,Пользовательский А4х4 (840.00 x 297.00 мм),1:0.000818872,
D:\Work WS\Сев\Lubimovka\Любимовка НК.dwg,Лист7,28.04.2017 17:34:58,Intel,DWG To PDF.pc3,ISO без полей A2 (594.00 x 420.00 мм),1:0.000819211,
D:\Work WS\Сев\Lubimovka\Любимовка НК.dwg,Лист8,03.05.2017 18:57:39,Intel,DWG To PDF.pc3,ISO без полей A2 (594.00 x 420.00 мм),1:0.000819211,
D:\Work WS\Сев\Lubimovka\Любимовка НК.dwg,Лист9,03.05.2017 18:57:58,Intel,DWG To PDF.pc3,ISO без полей A2 (594.00 x 420.00 мм),1:0.000819211,
D:\Work WS\Сев\Lubimovka\Любимовка НК.dwg,Лист10,03.05.2017 18:58:19,Intel,DWG To PDF.pc3,ISO без полей A2 (594.00 x 420.00 мм),1:0.000819211,
D:\Work WS\Сев\Lubimovka\Любимовка НК.dwg,Лист11,03.05.2017 18:58:42,Intel,DWG To PDF.pc3,ISO без полей A2 (594.00 x 420.00 мм),1:0.000819211,
D:\Work WS\Сев\Lubimovka\Любимовка НК.dwg,Лист12,03.05.2017 18:59:01,Intel,DWG To PDF.pc3,ISO без полей A2 (594.00 x 420.00 мм),1:0.000819211,
D:\Work WS\Сев\Lubimovka\Любимовка НК.dwg,Лист2,04.05.2017 10:42:48,Intel,DWG To PDF.pc3,ISO без полей A2 (420.00 x 594.00 мм),1:0.0035405,
D:\Work WS\Сев\Lubimovka\Любимовка НК.dwg,Лист3,04.05.2017 10:43:14,Intel,DWG To PDF.pc3,A4x11 (2310.00 x 297.00 мм),1:0.000818872,
D:\Work WS\Сев\Lubimovka\Любимовка НК.dwg,Лист4,04.05.2017 10:44:06,Intel,DWG To PDF.pc3,Пользовательский А4х4 (840.00 x 297.00 мм),1:0.000818872,
D:\Work WS\Сев\Lubimovka\Любимовка НК.dwg,Лист5,04.05.2017 10:44:29,Intel,DWG To PDF.pc3,ISO без полей A2 (594.00 x 420.00 мм),1:0.000819211,
D:\Work WS\Сев\Lubimovka\Любимовка НК.dwg,Лист6,04.05.2017 10:45:11,Intel,DWG To PDF.pc3,ISO без полей A2 (594.00 x 420.00 мм),1:0.000819211,
D:\Work WS\Проекты\ДУЗ Трудовое\ДУЗ Трудовое___ВК___ст_П-----изм санузлы___посл замечания.dwg,Спец_л6,04.05.2017 15:01:08,Intel,DWG To PDF.pc3,ISO без полей A3 (420.00 x 297.00 мм),1:0.0305783,
D:\Work WS\Сев\Ternovka\Терновка_НК.dwg,Лист4,22.05.2017 19:39:15,Intel,DWG To PDF.pc3,ISO без полей A2 (594.00 x 420.00 мм),1:0.00932733,
